mode: set
github.com/masatrio/parking_lot/parkinglot/allocator/nearest/allocate.go:10.68,11.28 1 1
github.com/masatrio/parking_lot/parkinglot/allocator/nearest/allocate.go:15.2,15.42 1 1
github.com/masatrio/parking_lot/parkinglot/allocator/nearest/allocate.go:11.28,13.3 1 1
github.com/masatrio/parking_lot/parkinglot/allocator/nearest/nearest.go:12.54,16.2 1 1
github.com/masatrio/parking_lot/parkinglot/slot/core/is_empty.go:3.35,5.2 1 1
github.com/masatrio/parking_lot/parkinglot/slot/core/slot.go:14.32,18.2 1 1
github.com/masatrio/parking_lot/parkinglot/slot/core/empty.go:7.34,8.18 1 1
github.com/masatrio/parking_lot/parkinglot/slot/core/empty.go:12.2,14.12 2 1
github.com/masatrio/parking_lot/parkinglot/slot/core/empty.go:8.18,10.3 1 1
github.com/masatrio/parking_lot/parkinglot/slot/core/fill.go:9.52,10.16 1 1
github.com/masatrio/parking_lot/parkinglot/slot/core/fill.go:14.2,16.12 2 1
github.com/masatrio/parking_lot/parkinglot/slot/core/fill.go:10.16,12.3 1 1
github.com/masatrio/parking_lot/parkinglot/slot/core/get_id.go:3.32,5.2 1 1
github.com/masatrio/parking_lot/parkinglot/slot/core/get_vehicle.go:5.49,7.2 1 1
github.com/masatrio/parking_lot/vehicle/car/car.go:15.19,20.2 1 1
github.com/masatrio/parking_lot/vehicle/car/get_color.go:3.33,5.2 1 1
github.com/masatrio/parking_lot/vehicle/car/get_regnum.go:3.34,5.2 1 1
github.com/masatrio/parking_lot/parkinglot/slot/manager/inc.go:3.25,5.2 1 1
github.com/masatrio/parking_lot/parkinglot/slot/manager/is_full.go:3.33,5.2 1 1
github.com/masatrio/parking_lot/parkinglot/slot/manager/manager.go:14.41,18.29 2 1
github.com/masatrio/parking_lot/parkinglot/slot/manager/manager.go:22.2,26.3 1 1
github.com/masatrio/parking_lot/parkinglot/slot/manager/manager.go:18.29,20.3 1 1
github.com/masatrio/parking_lot/parkinglot/slot/manager/dec.go:3.25,5.2 1 1
github.com/masatrio/parking_lot/parkinglot/slot/manager/get_all.go:5.46,7.2 1 1
github.com/masatrio/parking_lot/parkinglot/slot/manager/get_first_empty_slot.go:9.58,10.30 1 1
github.com/masatrio/parking_lot/parkinglot/slot/manager/get_first_empty_slot.go:16.2,16.37 1 1
github.com/masatrio/parking_lot/parkinglot/slot/manager/get_first_empty_slot.go:10.30,11.20 1 1
github.com/masatrio/parking_lot/parkinglot/slot/manager/get_first_empty_slot.go:11.20,13.4 1 1
github.com/masatrio/parking_lot/parkinglot/slot/manager/get_size.go:3.33,5.2 1 1
